Arguments: 
  /Users/stefgeraets/.nvm/versions/node/v12.13.0/bin/node /usr/local/Cellar/yarn/1.22.4/libexec/bin/yarn.js

PATH: 
  /Users/stefgeraets/.rbenv/shims:/Users/stefgeraets/.nvm/versions/node/v12.13.0/bin:/Users/stefgeraets/.rbenv/shims:/Users/stefgeraets/.rbenv/shims:/usr/local/sbin:/usr/local/bin:/usr/bin:/bin:/usr/sbin:/sbin:/Users/stefgeraets/.composer/vendor/bin

Yarn version: 
  1.22.4

Node version: 
  12.13.0

Platform: 
  darwin x64

Trace: 
  SyntaxError: /Users/stefgeraets/Dev/DnD/LootTable/package.json: Unexpected token , in JSON at position 193
      at JSON.parse (<anonymous>)
      at /usr/local/Cellar/yarn/1.22.4/libexec/lib/cli.js:1625:59
      at Generator.next (<anonymous>)
      at step (/usr/local/Cellar/yarn/1.22.4/libexec/lib/cli.js:310:30)
      at /usr/local/Cellar/yarn/1.22.4/libexec/lib/cli.js:321:13

npm manifest: 
  {
    "name": "LootTable",
    "version": "1.0.0",
    "description": "Loot table for DnD 5e, bases on XP to Level 3 loot table",
    "main": "index.js",
    "author": "StefGeraets",
    "license": "MIT"
  },
  "scripts": {
    "dev": "webpack-dev-server --config webpack.dev.js",
    "build": "webpack --config webpack.prod.js"
  },
  "dependencies": {
    "@babel/core": "^7.6.0",
    "@babel/preset-env": "^7.6.0",
    "autoprefixer": "^9.6.1",
    "babel-loader": "^8.0.6",
    "clean-webpack-plugin": "^3.0.0",
    "css-loader": "^3.2.0",
    "cssnano": "^4.1.10",
    "file-loader": "^4.2.0",
    "hard-source-webpack-plugin": "^0.13.1",
    "html-webpack-plugin": "^3.2.0",
    "mini-css-extract-plugin": "^0.8.0",
    "postcss-loader": "^3.0.0",
    "sass": "^1.22.12",
    "sass-loader": "^8.0.0",
    "uglifyjs-webpack-plugin": "^2.2.0",
    "uniqid": "^5.0.3",
    "webpack": "^4.40.2",
    "webpack-cli": "^3.3.9",
    "webpack-dev-server": "^3.8.1",
    "webpack-merge": "^4.2.2",
    "webpack-pwa-manifest": "^4.0.0",
    "workbox-webpack-plugin": "^4.3.1"
  }

yarn manifest: 
  No manifest

Lockfile: 
  No lockfile
